# JRE version: Java(TM) SE Runtime Environment (8.0_131-b11) (build 1.8.0_131-b11)
# Java VM: Java HotSpot(TM) 64-Bit Server VM (25.131-b11 mixed mode linux-amd64 compressed oops)
Heap:
 PSYoungGen      total 255488K, used 2917K [0x00000000d5580000, 0x00000000e6f80000, 0x0000000100000000)
  eden space 233984K, 0% used [0x00000000d5580000,0x00000000d5580000,0x00000000e3a00000)
  from space 21504K, 13% used [0x00000000e4580000,0x00000000e4859770,0x00000000e5a80000)
  to   space 4096K, 0% used [0x00000000e6b80000,0x00000000e6b80000,0x00000000e6f80000)
 ParOldGen       total 349696K, used 7732K [0x0000000080000000, 0x0000000095580000, 0x00000000d5580000)
  object space 349696K, 2% used [0x0000000080000000,0x000000008078d0e8,0x0000000095580000)
 Metaspace       used 22578K, capacity 22962K, committed 23088K, reserved 1069056K
  class space    used 2475K, capacity 2620K, committed 2688K, reserved 1048576K
GC Heap History (10 events):
Event: 16.790 GC heap after
Heap after GC invocations=1 (full 0):
 PSYoungGen      total 153088K, used 8029K [0x00000000d5580000, 0x00000000e0000000, 0x0000000100000000)
  eden space 131584K, 0% used [0x00000000d5580000,0x00000000d5580000,0x00000000dd600000)
  from space 21504K, 37% used [0x00000000dd600000,0x00000000dddd74c0,0x00000000deb00000)
  to   space 21504K, 0% used [0x00000000deb00000,0x00000000deb00000,0x00000000e0000000)
 ParOldGen       total 349696K, used 8K [0x0000000080000000, 0x0000000095580000, 0x00000000d5580000)
  object space 349696K, 0% used [0x0000000080000000,0x0000000080002000,0x0000000095580000)
 Metaspace       used 12490K, capacity 12756K, committed 12928K, reserved 1060864K
  class space    used 1477K, capacity 1594K, committed 1664K, reserved 1048576K
}
Event: 17.933 GC heap before
{Heap before GC invocations=2 (full 0):
 PSYoungGen      total 153088K, used 139613K [0x00000000d5580000, 0x00000000e0000000, 0x0000000100000000)
  eden space 131584K, 100% used [0x00000000d5580000,0x00000000dd600000,0x00000000dd600000)
  from space 21504K, 37% used [0x00000000dd600000,0x00000000dddd74c0,0x00000000deb00000)
  to   space 21504K, 0% used [0x00000000deb00000,0x00000000deb00000,0x00000000e0000000)
 ParOldGen       total 349696K, used 8K [0x0000000080000000, 0x0000000095580000, 0x00000000d5580000)
  object space 349696K, 0% used [0x0000000080000000,0x0000000080002000,0x0000000095580000)
 Metaspace       used 16849K, capacity 17172K, committed 17408K, reserved 1064960K
  class space    used 1913K, capacity 2042K, committed 2048K, reserved 1048576K
Event: 17.972 GC heap after
Heap after GC invocations=2 (full 0):
 PSYoungGen      total 153088K, used 7526K [0x00000000d5580000, 0x00000000e8080000, 0x0000000100000000)
  eden space 131584K, 0% used [0x00000000d5580000,0x00000000d5580000,0x00000000dd600000)
  from space 21504K, 35% used [0x00000000deb00000,0x00000000df2599d8,0x00000000e0000000)
  to   space 21504K, 0% used [0x00000000dd600000,0x00000000dd600000,0x00000000deb00000)
 ParOldGen       total 349696K, used 24K [0x0000000080000000, 0x0000000095580000, 0x00000000d5580000)
  object space 349696K, 0% used [0x0000000080000000,0x0000000080006000,0x0000000095580000)
 Metaspace       used 16849K, capacity 17172K, committed 17408K, reserved 1064960K
  class space    used 1913K, capacity 2042K, committed 2048K, reserved 1048576K
}
Event: 23.053 GC heap before
{Heap before GC invocations=3 (full 0):
 PSYoungGen      total 153088K, used 123650K [0x00000000d5580000, 0x00000000e8080000, 0x0000000100000000)
  eden space 131584K, 88% used [0x00000000d5580000,0x00000000dc6e6eb0,0x00000000dd600000)
  from space 21504K, 35% used [0x00000000deb00000,0x00000000df2599d8,0x00000000e0000000)
  to   space 21504K, 0% used [0x00000000dd600000,0x00000000dd600000,0x00000000deb00000)
 ParOldGen       total 349696K, used 24K [0x0000000080000000, 0x0000000095580000, 0x00000000d5580000)
  object space 349696K, 0% used [0x0000000080000000,0x0000000080006000,0x0000000095580000)
 Metaspace       used 20869K, capacity 21132K, committed 21296K, reserved 1069056K
  class space    used 2310K, capacity 2398K, committed 2432K, reserved 1048576K
Event: 23.063 GC heap after
Heap after GC invocations=3 (full 0):
 PSYoungGen      total 153088K, used 7960K [0x00000000d5580000, 0x00000000e8080000, 0x0000000100000000)
  eden space 131584K, 0% used [0x00000000d5580000,0x00000000d5580000,0x00000000dd600000)
  from space 21504K, 37% used [0x00000000dd600000,0x00000000dddc6038,0x00000000deb00000)
  to   space 21504K, 0% used [0x00000000e6b80000,0x00000000e6b80000,0x00000000e8080000)
 ParOldGen       total 349696K, used 40K [0x0000000080000000, 0x0000000095580000, 0x00000000d5580000)
  object space 349696K, 0% used [0x0000000080000000,0x000000008000a000,0x0000000095580000)
 Metaspace       used 20869K, capacity 21132K, committed 21296K, reserved 1069056K
  class space    used 2310K, capacity 2398K, committed 2432K, reserved 1048576K
}
Event: 23.063 GC heap before
{Heap before GC invocations=4 (full 1):
 PSYoungGen      total 153088K, used 7960K [0x00000000d5580000, 0x00000000e8080000, 0x0000000100000000)
  eden space 131584K, 0% used [0x00000000d5580000,0x00000000d5580000,0x00000000dd600000)
  from space 21504K, 37% used [0x00000000dd600000,0x00000000dddc6038,0x00000000deb00000)
  to   space 21504K, 0% used [0x00000000e6b80000,0x00000000e6b80000,0x00000000e8080000)
 ParOldGen       total 349696K, used 40K [0x0000000080000000, 0x0000000095580000, 0x00000000d5580000)
  object space 349696K, 0% used [0x0000000080000000,0x000000008000a000,0x0000000095580000)
 Metaspace       used 20869K, capacity 21132K, committed 21296K, reserved 1069056K
  class space    used 2310K, capacity 2398K, committed 2432K, reserved 1048576K
Event: 23.129 GC heap after
Heap after GC invocations=4 (full 1):
 PSYoungGen      total 153088K, used 0K [0x00000000d5580000, 0x00000000e8080000, 0x0000000100000000)
  eden space 131584K, 0% used [0x00000000d5580000,0x00000000d5580000,0x00000000dd600000)
  from space 21504K, 0% used [0x00000000dd600000,0x00000000dd600000,0x00000000deb00000)
  to   space 21504K, 0% used [0x00000000e6b80000,0x00000000e6b80000,0x00000000e8080000)
 ParOldGen       total 349696K, used 7724K [0x0000000080000000, 0x0000000095580000, 0x00000000d5580000)
  object space 349696K, 2% used [0x0000000080000000,0x000000008078b0e8,0x0000000095580000)
 Metaspace       used 20869K, capacity 21132K, committed 21296K, reserved 1069056K
  class space    used 2310K, capacity 2398K, committed 2432K, reserved 1048576K
}
Event: 26.732 GC heap before
{Heap before GC invocations=5 (full 1):
 PSYoungGen      total 153088K, used 131584K [0x00000000d5580000, 0x00000000e8080000, 0x0000000100000000)
  eden space 131584K, 100% used [0x00000000d5580000,0x00000000dd600000,0x00000000dd600000)
  from space 21504K, 0% used [0x00000000dd600000,0x00000000dd600000,0x00000000deb00000)
  to   space 21504K, 0% used [0x00000000e6b80000,0x00000000e6b80000,0x00000000e8080000)
 ParOldGen       total 349696K, used 7724K [0x0000000080000000, 0x0000000095580000, 0x00000000d5580000)
  object space 349696K, 2% used [0x0000000080000000,0x000000008078b0e8,0x0000000095580000)
 Metaspace       used 22577K, capacity 22962K, committed 23088K, reserved 1069056K
  class space    used 2475K, capacity 2620K, committed 2688K, reserved 1048576K
Event: 26.750 GC heap after
Heap after GC invocations=5 (full 1):
 PSYoungGen      total 238080K, used 3673K [0x00000000d5580000, 0x00000000e6f80000, 0x0000000100000000)
  eden space 233984K, 0% used [0x00000000d5580000,0x00000000d5580000,0x00000000e3a00000)
  from space 4096K, 89% used [0x00000000e6b80000,0x00000000e6f16780,0x00000000e6f80000)
  to   space 21504K, 0% used [0x00000000e4580000,0x00000000e4580000,0x00000000e5a80000)
 ParOldGen       total 349696K, used 7724K [0x0000000080000000, 0x0000000095580000, 0x00000000d5580000)
  object space 349696K, 2% used [0x0000000080000000,0x000000008078b0e8,0x0000000095580000)
 Metaspace       used 22577K, capacity 22962K, committed 23088K, reserved 1069056K
  class space    used 2475K, capacity 2620K, committed 2688K, reserved 1048576K
}
Event: 27.354 GC heap before
{Heap before GC invocations=6 (full 1):
 PSYoungGen      total 238080K, used 237657K [0x00000000d5580000, 0x00000000e6f80000, 0x0000000100000000)
  eden space 233984K, 100% used [0x00000000d5580000,0x00000000e3a00000,0x00000000e3a00000)
  from space 4096K, 89% used [0x00000000e6b80000,0x00000000e6f16780,0x00000000e6f80000)
  to   space 21504K, 0% used [0x00000000e4580000,0x00000000e4580000,0x00000000e5a80000)
 ParOldGen       total 349696K, used 7724K [0x0000000080000000, 0x0000000095580000, 0x00000000d5580000)
  object space 349696K, 2% used [0x0000000080000000,0x000000008078b0e8,0x0000000095580000)
 Metaspace       used 22578K, capacity 22962K, committed 23088K, reserved 1069056K
  class space    used 2475K, capacity 2620K, committed 2688K, reserved 1048576K

